2022-04-16 17:59:14.471 [main] INFO  Calculator - SQUARE ROOT : 64
2022-04-16 17:59:14.491 [main] INFO  Calculator - RESULT:SQUARE ROOT(64) = 8.0
2022-04-16 17:59:18.270 [main] INFO  Calculator - FACTORIAL : 5
2022-04-16 17:59:18.280 [main] INFO  Calculator - RESULT:FACTORIAL(5) = 120
2022-04-16 17:59:24.080 [main] INFO  Calculator - NATURAL LOGARITHM : 56
2022-04-16 17:59:24.081 [main] INFO  Calculator - RESULT:NATURAL LOGARITHM(56) = 4.02535169073515
2022-04-17 14:56:04.655 [main] INFO  Calculator - SQUARE ROOT : 100
2022-04-17 14:56:04.674 [main] INFO  Calculator - RESULT:SQUARE ROOT(100) = 10.0
2022-04-17 14:56:08.155 [main] INFO  Calculator - FACTORIAL : 6
2022-04-17 14:56:08.165 [main] INFO  Calculator - RESULT:FACTORIAL(6) = 720
2022-04-17 14:56:12.327 [main] INFO  Calculator - NATURAL LOGARITHM : 458
2022-04-17 14:56:12.329 [main] INFO  Calculator - RESULT:NATURAL LOGARITHM(458) = 6.126869184114185
2022-04-17 14:56:17.730 [main] INFO  Calculator - POWER : BASE=3 EXPONENT=7
2022-04-17 14:56:17.751 [main] INFO  Calculator - RESULT : POWER(3,7) = 2187.0
2022-04-17 14:56:21.022 [main] INFO  Calculator - FACTORIAL : 8
2022-04-17 14:56:21.023 [main] INFO  Calculator - RESULT:FACTORIAL(8) = 40320
2022-04-17 14:56:25.819 [main] INFO  Calculator - POWER : BASE=6 EXPONENT=2
2022-04-17 14:56:25.820 [main] INFO  Calculator - RESULT : POWER(6,2) = 36.0
2022-04-17 14:56:29.560 [main] INFO  Calculator - SQUARE ROOT : 956
2022-04-17 14:56:29.560 [main] INFO  Calculator - RESULT:SQUARE ROOT(956) = 30.919249667480614
2022-04-17 14:56:35.046 [main] INFO  Calculator - NATURAL LOGARITHM : 75
2022-04-17 14:56:35.046 [main] INFO  Calculator - RESULT:NATURAL LOGARITHM(75) = 4.31748811353631
2022-04-17 14:56:40.911 [main] INFO  Calculator - FACTORIAL : 11
2022-04-17 14:56:40.912 [main] INFO  Calculator - RESULT:FACTORIAL(11) = 39916800
2022-04-17 14:56:47.887 [main] INFO  Calculator - SQUARE ROOT : 4523
2022-04-17 14:56:47.888 [main] INFO  Calculator - RESULT:SQUARE ROOT(4523) = 67.2532527094415
2022-04-17 14:56:54.197 [main] INFO  Calculator - POWER : BASE=8 EXPONENT=6
2022-04-17 14:56:54.198 [main] INFO  Calculator - RESULT : POWER(8,6) = 262144.0
2022-04-17 14:57:01.431 [main] INFO  Calculator - FACTORIAL : 9
2022-04-17 14:57:01.431 [main] INFO  Calculator - RESULT:FACTORIAL(9) = 362880
2022-04-17 14:57:14.181 [main] INFO  Calculator - SQUARE ROOT : 999
2022-04-17 14:57:14.182 [main] INFO  Calculator - RESULT:SQUARE ROOT(999) = 31.606961258558215
2022-04-17 14:57:23.754 [main] INFO  Calculator - NATURAL LOGARITHM : 89564
2022-04-17 14:57:23.754 [main] INFO  Calculator - RESULT:NATURAL LOGARITHM(89564) = 11.402708732511229
